<?xml version="1.0" encoding="UTF-8"?>
<!-- Generated by org.testng.reporters.JUnitReportReporter -->
<testsuite hostname="DESKTOP-6CM3VIE" failures="0" tests="1" name="qa.com.testcases.Testcase_Category" time="31.685" errors="0" timestamp="2023-11-14T08:48:31 IST" skipped="0">
  <testcase classname="qa.com.testcases.Testcase_Category" name="cate" time="31.685"/>
  <system-out/>
</testsuite> <!-- qa.com.testcases.Testcase_Category -->
