<?xml version="1.0" encoding="UTF-8"?>
<!-- Generated by org.testng.reporters.JUnitReportReporter -->
<testsuite hostname="DESKTOP-EFOD4LI" failures="0" tests="1" name="Testcase.TC_logintest_01" time="15.024" errors="0" timestamp="2023-11-01T11:12:11 IST" skipped="0">
  <testcase classname="Testcase.TC_logintest_01" name="test" time="15.024"/>
  <system-out/>
</testsuite> <!-- Testcase.TC_logintest_01 -->
