<?xml version="1.0" encoding="UTF-8"?>
<!-- Generated by org.testng.reporters.JUnitReportReporter -->
<testsuite hostname="DESKTOP-6CM3VIE" failures="0" tests="1" name="qa.com.testcases.Testcase_logout_H" time="19.534" errors="0" timestamp="2023-11-10T11:39:26 IST" skipped="0">
  <testcase classname="qa.com.testcases.Testcase_logout_H" name="logout" time="19.534"/>
  <system-out/>
</testsuite> <!-- qa.com.testcases.Testcase_logout_H -->
