<?xml version="1.0" encoding="UTF-8"?>
<!-- Generated by org.testng.reporters.JUnitReportReporter -->
<testsuite hostname="DESKTOP-6CM3VIE" failures="0" tests="1" name="qa.com.testcases.Hari_logout" time="15.596" errors="0" timestamp="2023-11-03T16:20:04 IST" skipped="0">
  <testcase classname="qa.com.testcases.Hari_logout" name="log" time="15.596"/>
  <system-out/>
</testsuite> <!-- qa.com.testcases.Hari_logout -->
