<?xml version="1.0" encoding="UTF-8"?>
<!-- Generated by org.testng.reporters.JUnitReportReporter -->
<testsuite hostname="DESKTOP-EFOD4LI" failures="0" tests="1" name="qa.com.testcases.testcaselogin01" time="8.474" errors="0" timestamp="2023-11-03T16:52:31 IST" skipped="0">
  <testcase classname="qa.com.testcases.testcaselogin01" name="log" time="8.474"/>
  <system-out/>
</testsuite> <!-- qa.com.testcases.testcaselogin01 -->
